{"/Users/catchzeng/Documents/Code/Github/cat-jsutils/src/number.js":{"path":"/Users/catchzeng/Documents/Code/Github/cat-jsutils/src/number.js","s":{"1":1,"2":4,"3":1},"b":{"1":[4,1,1]},"f":{"1":4},"fnMap":{"1":{"name":"isNum","line":1,"loc":{"start":{"line":1,"column":0},"end":{"line":1,"column":22}}}},"statementMap":{"1":{"start":{"line":1,"column":0},"end":{"line":3,"column":1}},"2":{"start":{"line":2,"column":4},"end":{"line":2,"column":87}},"3":{"start":{"line":5,"column":0},"end":{"line":7,"column":1}}},"branchMap":{"1":{"line":2,"type":"binary-expr","locations":[{"start":{"line":2,"column":12},"end":{"line":2,"column":37}},{"start":{"line":2,"column":42},"end":{"line":2,"column":67}},{"start":{"line":2,"column":71},"end":{"line":2,"column":86}}]}}},"/Users/catchzeng/Documents/Code/Github/cat-jsutils/src/string.js":{"path":"/Users/catchzeng/Documents/Code/Github/cat-jsutils/src/string.js","s":{"1":1,"2":6,"3":1,"4":5,"5":2,"6":3,"7":1,"8":6,"9":1,"10":5,"11":9,"12":2,"13":3,"14":1,"15":3,"16":1,"17":2,"18":4,"19":1,"20":1,"21":1},"b":{"1":[6,4],"2":[2,3],"3":[5,4],"4":[1,5],"5":[2,7],"6":[1,2],"7":[1,3]},"f":{"1":6,"2":5,"3":6,"4":3},"fnMap":{"1":{"name":"isString","line":1,"loc":{"start":{"line":1,"column":0},"end":{"line":1,"column":25}}},"2":{"name":"contains","line":5,"loc":{"start":{"line":5,"column":0},"end":{"line":5,"column":33}}},"3":{"name":"containsAny","line":12,"loc":{"start":{"line":12,"column":0},"end":{"line":12,"column":39}}},"4":{"name":"containsAll","line":25,"loc":{"start":{"line":25,"column":0},"end":{"line":25,"column":39}}}},"statementMap":{"1":{"start":{"line":1,"column":0},"end":{"line":3,"column":1}},"2":{"start":{"line":2,"column":1},"end":{"line":2,"column":61}},"3":{"start":{"line":5,"column":0},"end":{"line":10,"column":1}},"4":{"start":{"line":6,"column":1},"end":{"line":8,"column":2}},"5":{"start":{"line":7,"column":2},"end":{"line":7,"column":14}},"6":{"start":{"line":9,"column":1},"end":{"line":9,"column":35}},"7":{"start":{"line":12,"column":0},"end":{"line":23,"column":1}},"8":{"start":{"line":13,"column":1},"end":{"line":15,"column":2}},"9":{"start":{"line":14,"column":2},"end":{"line":14,"column":14}},"10":{"start":{"line":17,"column":1},"end":{"line":21,"column":2}},"11":{"start":{"line":18,"column":2},"end":{"line":20,"column":3}},"12":{"start":{"line":19,"column":3},"end":{"line":19,"column":15}},"13":{"start":{"line":22,"column":1},"end":{"line":22,"column":14}},"14":{"start":{"line":25,"column":0},"end":{"line":36,"column":1}},"15":{"start":{"line":26,"column":1},"end":{"line":28,"column":2}},"16":{"start":{"line":27,"column":2},"end":{"line":27,"column":14}},"17":{"start":{"line":30,"column":1},"end":{"line":34,"column":2}},"18":{"start":{"line":31,"column":2},"end":{"line":33,"column":3}},"19":{"start":{"line":32,"column":3},"end":{"line":32,"column":16}},"20":{"start":{"line":35,"column":1},"end":{"line":35,"column":13}},"21":{"start":{"line":38,"column":0},"end":{"line":43,"column":2}}},"branchMap":{"1":{"line":2,"type":"binary-expr","locations":[{"start":{"line":2,"column":8},"end":{"line":2,"column":33}},{"start":{"line":2,"column":37},"end":{"line":2,"column":60}}]},"2":{"line":6,"type":"if","locations":[{"start":{"line":6,"column":1},"end":{"line":6,"column":1}},{"start":{"line":6,"column":1},"end":{"line":6,"column":1}}]},"3":{"line":6,"type":"binary-expr","locations":[{"start":{"line":6,"column":5},"end":{"line":6,"column":24}},{"start":{"line":6,"column":28},"end":{"line":6,"column":46}}]},"4":{"line":13,"type":"if","locations":[{"start":{"line":13,"column":1},"end":{"line":13,"column":1}},{"start":{"line":13,"column":1},"end":{"line":13,"column":1}}]},"5":{"line":18,"type":"if","locations":[{"start":{"line":18,"column":2},"end":{"line":18,"column":2}},{"start":{"line":18,"column":2},"end":{"line":18,"column":2}}]},"6":{"line":26,"type":"if","locations":[{"start":{"line":26,"column":1},"end":{"line":26,"column":1}},{"start":{"line":26,"column":1},"end":{"line":26,"column":1}}]},"7":{"line":31,"type":"if","locations":[{"start":{"line":31,"column":2},"end":{"line":31,"column":2}},{"start":{"line":31,"column":2},"end":{"line":31,"column":2}}]}}}}