TN:
SF:/Users/catchzeng/Documents/Code/Github/cat-jsutils/src/number.js
FN:1,isNum
FNF:1
FNH:1
FNDA:4,isNum
DA:1,1
DA:2,4
DA:5,1
LF:3
LH:3
BRDA:2,1,0,4
BRDA:2,1,1,1
BRDA:2,1,2,1
BRF:3
BRH:3
end_of_record
TN:
SF:/Users/catchzeng/Documents/Code/Github/cat-jsutils/src/string.js
FN:1,isString
FN:5,contains
FN:12,containsAny
FN:25,containsAll
FNF:4
FNH:4
FNDA:6,isString
FNDA:5,contains
FNDA:6,containsAny
FNDA:3,containsAll
DA:1,1
DA:2,6
DA:5,1
DA:6,5
DA:7,2
DA:9,3
DA:12,1
DA:13,6
DA:14,1
DA:17,5
DA:18,9
DA:19,2
DA:22,3
DA:25,1
DA:26,3
DA:27,1
DA:30,2
DA:31,4
DA:32,1
DA:35,1
DA:38,1
LF:21
LH:21
BRDA:2,1,0,6
BRDA:2,1,1,4
BRDA:6,2,0,2
BRDA:6,2,1,3
BRDA:6,3,0,5
BRDA:6,3,1,4
BRDA:13,4,0,1
BRDA:13,4,1,5
BRDA:18,5,0,2
BRDA:18,5,1,7
BRDA:26,6,0,1
BRDA:26,6,1,2
BRDA:31,7,0,1
BRDA:31,7,1,3
BRF:14
BRH:14
end_of_record
