TN:
SF:/Users/catchzeng/Documents/Code/Github/cat-jsutils/src/number.js
FN:1,isNum
FNF:1
FNH:1
FNDA:4,isNum
DA:1,1
DA:2,4
DA:5,1
LF:3
LH:3
BRDA:2,1,0,4
BRDA:2,1,1,1
BRDA:2,1,2,1
BRF:3
BRH:3
end_of_record
TN:
SF:/Users/catchzeng/Documents/Code/Github/cat-jsutils/src/string.js
FN:1,isString
FN:5,contains
FN:12,containsAny
FN:25,containsAll
FN:46,toggleCase
FN:49,(anonymous_6)
FN:61,changeCase
FN:68,(anonymous_8)
FN:72,(anonymous_9)
FN:86,genUUID
FNF:10
FNH:10
FNDA:6,isString
FNDA:5,contains
FNDA:6,containsAny
FNDA:3,containsAll
FNDA:4,toggleCase
FNDA:55,(anonymous_6)
FNDA:15,changeCase
FNDA:2,(anonymous_8)
FNDA:2,(anonymous_9)
FNDA:3,genUUID
DA:1,1
DA:2,6
DA:5,1
DA:6,5
DA:7,2
DA:9,3
DA:12,1
DA:13,6
DA:14,1
DA:17,5
DA:18,9
DA:19,2
DA:22,3
DA:25,1
DA:26,3
DA:27,1
DA:30,2
DA:31,4
DA:32,1
DA:35,1
DA:38,1
DA:46,1
DA:47,4
DA:48,4
DA:50,55
DA:51,41
DA:52,14
DA:53,11
DA:55,3
DA:58,4
DA:61,1
DA:62,15
DA:63,1
DA:66,14
DA:68,2
DA:69,2
DA:72,2
DA:73,2
DA:76,4
DA:78,2
DA:80,2
DA:82,2
DA:86,1
DA:87,3
DA:90,3
DA:91,3
DA:92,3
DA:94,3
DA:96,2
DA:97,6
DA:101,1
DA:104,1
DA:105,1
DA:109,1
DA:110,36
DA:111,31
DA:112,31
DA:117,3
DA:120,1
LF:59
LH:59
BRDA:2,1,0,6
BRDA:2,1,1,4
BRDA:6,2,0,2
BRDA:6,2,1,3
BRDA:6,3,0,5
BRDA:6,3,1,4
BRDA:13,4,0,1
BRDA:13,4,1,5
BRDA:18,5,0,2
BRDA:18,5,1,7
BRDA:26,6,0,1
BRDA:26,6,1,2
BRDA:31,7,0,1
BRDA:31,7,1,3
BRDA:50,8,0,41
BRDA:50,8,1,14
BRDA:52,9,0,11
BRDA:52,9,1,3
BRDA:62,10,0,1
BRDA:62,10,1,14
BRDA:66,11,0,2
BRDA:66,11,1,2
BRDA:66,11,2,4
BRDA:66,11,3,2
BRDA:66,11,4,2
BRDA:66,11,5,2
BRDA:92,12,0,3
BRDA:92,12,1,1
BRDA:94,13,0,2
BRDA:94,13,1,1
BRDA:110,14,0,31
BRDA:110,14,1,5
BRDA:112,15,0,1
BRDA:112,15,1,30
BRF:34
BRH:34
end_of_record
